{
  "stats": {
    "suites": 1,
    "tests": 4,
    "passes": 4,
    "pending": 0,
    "failures": 0,
    "start": "2023-09-22T01:05:49.986Z",
    "end": "2023-09-22T01:06:13.471Z",
    "duration": 23485,
    "testsRegistered": 4,
    "passPercent": 100,
    "pendingPercent": 0,
    "other": 0,
    "hasOther": false,
    "skipped": 0,
    "hasSkipped": false
  },
  "results": [
    {
      "uuid": "4396b0d7-0f3e-457e-bbf6-9453fc3968ab",
      "title": "",
      "fullFile": "cypress\\e2e\\trabalho1.cy.js",
      "file": "cypress\\e2e\\trabalho1.cy.js",
      "beforeHooks": [],
      "afterHooks": [],
      "tests": [],
      "suites": [
        {
          "uuid": "af27732d-38f5-4008-ab34-1a2495375394",
          "title": "Cenario de Teste: Testar funcionalidades do site de tarefas",
          "fullFile": "",
          "file": "",
          "beforeHooks": [],
          "afterHooks": [],
          "tests": [
            {
              "title": "Caso de teste: Adicionar tarefa",
              "fullTitle": "Cenario de Teste: Testar funcionalidades do site de tarefas Caso de teste: Adicionar tarefa",
              "timedOut": null,
              "duration": 3799,
              "state": "passed",
              "speed": "fast",
              "pass": true,
              "fail": false,
              "pending": false,
              "context": null,
              "code": "accessSite();\nvar add_task = createTask();\naddTask(add_task);\ncy.get('.task-on').should('have.text', add_task);\ncy.wait(1000);",
              "err": {},
              "uuid": "d09ea39a-cd66-4755-91cb-6951b50e163b",
              "parentUUID": "af27732d-38f5-4008-ab34-1a2495375394",
              "isHook": false,
              "skipped": false
            },
            {
              "title": "Caso de test: Deletar tarefa",
              "fullTitle": "Cenario de Teste: Testar funcionalidades do site de tarefas Caso de test: Deletar tarefa",
              "timedOut": null,
              "duration": 2680,
              "state": "passed",
              "speed": "fast",
              "pass": true,
              "fail": false,
              "pending": false,
              "context": null,
              "code": "accessSite();\nvar task_delete = createTask();\naddTask(task_delete);\ncy.get('.fa-solid').click();\ncy.get('.task-container').should('not.contain', task_delete);\ncy.wait(1000);",
              "err": {},
              "uuid": "8fb6c211-64ef-4b24-99f0-1e1e3d2c25e7",
              "parentUUID": "af27732d-38f5-4008-ab34-1a2495375394",
              "isHook": false,
              "skipped": false
            },
            {
              "title": "Caso de teste: Adicionar mais de uma tarefa",
              "fullTitle": "Cenario de Teste: Testar funcionalidades do site de tarefas Caso de teste: Adicionar mais de uma tarefa",
              "timedOut": null,
              "duration": 11307,
              "state": "passed",
              "speed": "slow",
              "pass": true,
              "fail": false,
              "pending": false,
              "context": null,
              "code": "accessSite();\nvar tasks = addTasks();\ncy.get(':nth-child(1) > .task-on').should('have.text', tasks[0]);\ncy.get(':nth-child(2) > .task-on').should('have.text', tasks[1]);\ncy.get(':nth-child(3) > .task-on').should('have.text', tasks[2]);\ncy.get(':nth-child(4) > .task-on').should('have.text', tasks[3]);\ncy.get(':nth-child(5) > .task-on').should('have.text', tasks[4]);\ncy.wait(1000);",
              "err": {},
              "uuid": "67c0ae03-0eb1-464a-b5cf-7350a7e6318f",
              "parentUUID": "af27732d-38f5-4008-ab34-1a2495375394",
              "isHook": false,
              "skipped": false
            },
            {
              "title": "Caso de teste: Marcar a tarefa como feita",
              "fullTitle": "Cenario de Teste: Testar funcionalidades do site de tarefas Caso de teste: Marcar a tarefa como feita",
              "timedOut": null,
              "duration": 4152,
              "state": "passed",
              "speed": "fast",
              "pass": true,
              "fail": false,
              "pending": false,
              "context": null,
              "code": "accessSite();\nvar task = createTask();\naddTask(task);\ncy.wait(1000);\ncy.get('.task-on').click();\ncy.wait(500);\ncy.get('.task-on').should('contains.css', 'text-decoration', 'line-through solid rgb(215, 43, 158)');\ncy.wait(1000);",
              "err": {},
              "uuid": "96c614e6-c616-4883-94ab-7b0acf767222",
              "parentUUID": "af27732d-38f5-4008-ab34-1a2495375394",
              "isHook": false,
              "skipped": false
            }
          ],
          "suites": [],
          "passes": [
            "d09ea39a-cd66-4755-91cb-6951b50e163b",
            "8fb6c211-64ef-4b24-99f0-1e1e3d2c25e7",
            "67c0ae03-0eb1-464a-b5cf-7350a7e6318f",
            "96c614e6-c616-4883-94ab-7b0acf767222"
          ],
          "failures": [],
          "pending": [],
          "skipped": [],
          "duration": 21938,
          "root": false,
          "rootEmpty": false,
          "_timeout": 2000
        }
      ],
      "passes": [],
      "failures": [],
      "pending": [],
      "skipped": [],
      "duration": 0,
      "root": true,
      "rootEmpty": true,
      "_timeout": 2000
    }
  ],
  "meta": {
    "mocha": {
      "version": "7.0.1"
    },
    "mochawesome": {
      "options": {
        "quiet": false,
        "reportFilename": "mochawesome",
        "saveHtml": false,
        "saveJson": true,
        "consoleReporter": "spec",
        "useInlineDiffs": false,
        "code": true
      },
      "version": "7.1.3"
    },
    "marge": {
      "options": {
        "reportDir": "cypress/reports",
        "overwrite": false,
        "html": false,
        "json": true
      },
      "version": "6.2.0"
    }
  }
}