{
  "stats": {
    "suites": 1,
    "tests": 5,
    "passes": 5,
    "pending": 0,
    "failures": 0,
    "start": "2023-09-25T12:56:29.265Z",
    "end": "2023-09-25T12:56:55.237Z",
    "duration": 25972,
    "testsRegistered": 5,
    "passPercent": 100,
    "pendingPercent": 0,
    "other": 0,
    "hasOther": false,
    "skipped": 0,
    "hasSkipped": false
  },
  "results": [
    {
      "uuid": "dc9e7183-0b3f-4677-a287-c4e1f7a1b6a7",
      "title": "",
      "fullFile": "cypress\\e2e\\trabalho1.cy.js",
      "file": "cypress\\e2e\\trabalho1.cy.js",
      "beforeHooks": [],
      "afterHooks": [],
      "tests": [],
      "suites": [
        {
          "uuid": "a5ccb380-7443-4853-acee-b5f9f4aef8f9",
          "title": "Cenario de Teste: Testar funcionalidades do site de tarefas",
          "fullFile": "",
          "file": "",
          "beforeHooks": [],
          "afterHooks": [],
          "tests": [
            {
              "title": "Caso de teste: Adicionar tarefa",
              "fullTitle": "Cenario de Teste: Testar funcionalidades do site de tarefas Caso de teste: Adicionar tarefa",
              "timedOut": null,
              "duration": 3488,
              "state": "passed",
              "speed": "fast",
              "pass": true,
              "fail": false,
              "pending": false,
              "context": null,
              "code": "accessSite();\nvar add_task = createTask();\naddTask(add_task);\ncy.get('.task-on').should('have.text', add_task);\ncy.wait(1000);",
              "err": {},
              "uuid": "78cc2442-e8f8-47af-8288-1a54617dc1c4",
              "parentUUID": "a5ccb380-7443-4853-acee-b5f9f4aef8f9",
              "isHook": false,
              "skipped": false
            },
            {
              "title": "Caso de test: Deletar tarefa",
              "fullTitle": "Cenario de Teste: Testar funcionalidades do site de tarefas Caso de test: Deletar tarefa",
              "timedOut": null,
              "duration": 2715,
              "state": "passed",
              "speed": "fast",
              "pass": true,
              "fail": false,
              "pending": false,
              "context": null,
              "code": "accessSite();\nvar task_delete = createTask();\naddTask(task_delete);\ncy.get('.fa-solid').click();\ncy.get('.task-container').should('not.contain', task_delete);\ncy.wait(1000);",
              "err": {},
              "uuid": "e42abe38-39d7-480c-bf51-4d8f07d8a625",
              "parentUUID": "a5ccb380-7443-4853-acee-b5f9f4aef8f9",
              "isHook": false,
              "skipped": false
            },
            {
              "title": "Caso de teste: Adicionar mais de uma tarefa",
              "fullTitle": "Cenario de Teste: Testar funcionalidades do site de tarefas Caso de teste: Adicionar mais de uma tarefa",
              "timedOut": null,
              "duration": 11394,
              "state": "passed",
              "speed": "slow",
              "pass": true,
              "fail": false,
              "pending": false,
              "context": null,
              "code": "accessSite();\nvar tasks = addTasks();\ncy.get(':nth-child(1) > .task-on').should('have.text', tasks[0]);\ncy.get(':nth-child(2) > .task-on').should('have.text', tasks[1]);\ncy.get(':nth-child(3) > .task-on').should('have.text', tasks[2]);\ncy.get(':nth-child(4) > .task-on').should('have.text', tasks[3]);\ncy.get(':nth-child(5) > .task-on').should('have.text', tasks[4]);\ncy.wait(1000);",
              "err": {},
              "uuid": "c35110ac-99e4-4c89-87e4-959dc8fb6fce",
              "parentUUID": "a5ccb380-7443-4853-acee-b5f9f4aef8f9",
              "isHook": false,
              "skipped": false
            },
            {
              "title": "Caso de teste: Marcar a tarefa como feita",
              "fullTitle": "Cenario de Teste: Testar funcionalidades do site de tarefas Caso de teste: Marcar a tarefa como feita",
              "timedOut": null,
              "duration": 4210,
              "state": "passed",
              "speed": "fast",
              "pass": true,
              "fail": false,
              "pending": false,
              "context": null,
              "code": "accessSite();\nvar task = createTask();\naddTask(task);\ncy.wait(1000);\ncy.get('.task-on').click();\ncy.wait(500);\ncy.get('.task-status').should('have.text', 'Concluído');\n// cy.get('.task-on').should('contains.css','text-decoration', 'line-through solid rgb(215, 43, 158)');\ncy.wait(1000);",
              "err": {},
              "uuid": "e05ab55e-c7a5-4032-a1ee-0e0982bb680e",
              "parentUUID": "a5ccb380-7443-4853-acee-b5f9f4aef8f9",
              "isHook": false,
              "skipped": false
            },
            {
              "title": "Caso de teste: Verificar se a tarefa foi criada como \"A Fazer\" primeiro",
              "fullTitle": "Cenario de Teste: Testar funcionalidades do site de tarefas Caso de teste: Verificar se a tarefa foi criada como \"A Fazer\" primeiro",
              "timedOut": null,
              "duration": 2590,
              "state": "passed",
              "speed": "fast",
              "pass": true,
              "fail": false,
              "pending": false,
              "context": null,
              "code": "accessSite();\nvar task = createTask();\naddTask(task);\ncy.wait(1000);\ncy.get('.task-status').should('have.text', 'A Fazer');",
              "err": {},
              "uuid": "baccff8d-8b5c-441d-9e0b-7929cce175d2",
              "parentUUID": "a5ccb380-7443-4853-acee-b5f9f4aef8f9",
              "isHook": false,
              "skipped": false
            }
          ],
          "suites": [],
          "passes": [
            "78cc2442-e8f8-47af-8288-1a54617dc1c4",
            "e42abe38-39d7-480c-bf51-4d8f07d8a625",
            "c35110ac-99e4-4c89-87e4-959dc8fb6fce",
            "e05ab55e-c7a5-4032-a1ee-0e0982bb680e",
            "baccff8d-8b5c-441d-9e0b-7929cce175d2"
          ],
          "failures": [],
          "pending": [],
          "skipped": [],
          "duration": 24397,
          "root": false,
          "rootEmpty": false,
          "_timeout": 2000
        }
      ],
      "passes": [],
      "failures": [],
      "pending": [],
      "skipped": [],
      "duration": 0,
      "root": true,
      "rootEmpty": true,
      "_timeout": 2000
    }
  ],
  "meta": {
    "mocha": {
      "version": "7.0.1"
    },
    "mochawesome": {
      "options": {
        "quiet": false,
        "reportFilename": "mochawesome",
        "saveHtml": false,
        "saveJson": true,
        "consoleReporter": "spec",
        "useInlineDiffs": false,
        "code": true
      },
      "version": "7.1.3"
    },
    "marge": {
      "options": {
        "reportDir": "cypress/reports",
        "overwrite": true,
        "html": false,
        "json": true
      },
      "version": "6.2.0"
    }
  }
}